04-08 17:26:26 com_github_MitjaNemec_ReplicateLayout.action_replicate_layout 409:Plugin executed on: 'win32'
04-08 17:26:26 com_github_MitjaNemec_ReplicateLayout.action_replicate_layout 410:Plugin executed with python version: '3.11.5 (main, Jan 27 2025, 07:08:36) [MSC v.1942 64 bit (AMD64)]'
04-08 17:26:26 com_github_MitjaNemec_ReplicateLayout.action_replicate_layout 411:KiCad build version: 9.0.0
04-08 17:26:26 com_github_MitjaNemec_ReplicateLayout.action_replicate_layout 412:Plugin version: 4.0.2
04-08 17:26:26 com_github_MitjaNemec_ReplicateLayout.action_replicate_layout 413:Frame repr: <wx._core.Frame object at 0x0000023EBE6448B0>
04-08 17:26:26 com_github_MitjaNemec_ReplicateLayout.action_replicate_layout 437:Preparing replicator with Q3 as a reference
04-08 17:26:26 com_github_MitjaNemec_ReplicateLayout.replicate_layout 117:getting a list of all footprints on board
04-08 17:26:26 com_github_MitjaNemec_ReplicateLayout.action_replicate_layout 485:source anchor footprint is 'Q3'
Located on: ['/MOTOR_CTRL/', '/MOTOR_CTRL/H_PHASE_W/']
With filenames: ['MOTOR_CTRL.kicad_sch', 'H_BRIDGE.kicad_sch']
With sheet_id:['/MOTOR_CTRL/', '/MOTOR_CTRL/H_PHASE_W/']
04-08 17:26:26 com_github_MitjaNemec_ReplicateLayout.action_replicate_layout 492:Corresponding footprints are 
[('Q1', ['/MOTOR_CTRL/', '/MOTOR_CTRL/H_PHASE_U/']), ('Q3', ['/MOTOR_CTRL/', '/MOTOR_CTRL/H_PHASE_W/']), ('Q5', ['/MOTOR_CTRL/', '/MOTOR_CTRL/H_PHASE_V/'])]
04-08 17:26:26 com_github_MitjaNemec_ReplicateLayout.action_replicate_layout 504:Showing dialog
04-08 17:26:26 com_github_MitjaNemec_ReplicateLayout.replicate_layout 472:constructing a list of sheets suitable for replication on level:'/MOTOR_CTRL/H_PHASE_W/', file:'H_BRIDGE.kicad_sch'
04-08 17:26:26 com_github_MitjaNemec_ReplicateLayout.replicate_layout 509:suitable sheets are:[['/MOTOR_CTRL/', '/MOTOR_CTRL/H_PHASE_U/'], ['/MOTOR_CTRL/', '/MOTOR_CTRL/H_PHASE_V/']]
04-08 17:26:26 com_github_MitjaNemec_ReplicateLayout.replicate_layout 1507:Level selected: ['/MOTOR_CTRL/', '/MOTOR_CTRL/H_PHASE_W/']
04-08 17:26:26 com_github_MitjaNemec_ReplicateLayout.replicate_layout 1331:Filtering list of tracks
04-08 17:26:26 com_github_MitjaNemec_ReplicateLayout.action_replicate_layout 510:Toolbar position: wx.Point(1638, 111)
04-08 17:26:26 com_github_MitjaNemec_ReplicateLayout.action_replicate_layout 515:Dialog position: wx.Point(1199, 111)
04-08 17:26:34 com_github_MitjaNemec_ReplicateLayout.replicate_layout 472:constructing a list of sheets suitable for replication on level:'/MOTOR_CTRL/H_PHASE_W/', file:'H_BRIDGE.kicad_sch'
04-08 17:26:34 com_github_MitjaNemec_ReplicateLayout.replicate_layout 509:suitable sheets are:[['/MOTOR_CTRL/', '/MOTOR_CTRL/H_PHASE_U/'], ['/MOTOR_CTRL/', '/MOTOR_CTRL/H_PHASE_V/']]
04-08 17:26:34 com_github_MitjaNemec_ReplicateLayout.replicate_layout 1507:Level selected: ['/MOTOR_CTRL/', '/MOTOR_CTRL/H_PHASE_W/']
04-08 17:26:34 com_github_MitjaNemec_ReplicateLayout.replicate_layout 472:constructing a list of sheets suitable for replication on level:'/MOTOR_CTRL/H_PHASE_W/', file:'H_BRIDGE.kicad_sch'
04-08 17:26:34 com_github_MitjaNemec_ReplicateLayout.replicate_layout 509:suitable sheets are:[['/MOTOR_CTRL/', '/MOTOR_CTRL/H_PHASE_U/'], ['/MOTOR_CTRL/', '/MOTOR_CTRL/H_PHASE_V/']]
04-08 17:26:34 com_github_MitjaNemec_ReplicateLayout.replicate_layout 1507:Level selected: ['/MOTOR_CTRL/', '/MOTOR_CTRL/H_PHASE_W/']
04-08 17:26:38 com_github_MitjaNemec_ReplicateLayout.replicate_layout 472:constructing a list of sheets suitable for replication on level:'/MOTOR_CTRL/H_PHASE_W/', file:'H_BRIDGE.kicad_sch'
04-08 17:26:38 com_github_MitjaNemec_ReplicateLayout.replicate_layout 509:suitable sheets are:[['/MOTOR_CTRL/', '/MOTOR_CTRL/H_PHASE_U/'], ['/MOTOR_CTRL/', '/MOTOR_CTRL/H_PHASE_V/']]
04-08 17:26:38 com_github_MitjaNemec_ReplicateLayout.replicate_layout 1507:Level selected: ['/MOTOR_CTRL/', '/MOTOR_CTRL/H_PHASE_W/']
04-08 17:26:39 com_github_MitjaNemec_ReplicateLayout.replicate_layout 472:constructing a list of sheets suitable for replication on level:'/MOTOR_CTRL/H_PHASE_W/', file:'H_BRIDGE.kicad_sch'
04-08 17:26:39 com_github_MitjaNemec_ReplicateLayout.replicate_layout 509:suitable sheets are:[['/MOTOR_CTRL/', '/MOTOR_CTRL/H_PHASE_U/'], ['/MOTOR_CTRL/', '/MOTOR_CTRL/H_PHASE_V/']]
04-08 17:26:39 com_github_MitjaNemec_ReplicateLayout.replicate_layout 1507:Level selected: ['/MOTOR_CTRL/', '/MOTOR_CTRL/H_PHASE_W/']
04-08 17:26:41 com_github_MitjaNemec_ReplicateLayout.replicate_layout 472:constructing a list of sheets suitable for replication on level:'/MOTOR_CTRL/H_PHASE_W/', file:'H_BRIDGE.kicad_sch'
04-08 17:26:41 com_github_MitjaNemec_ReplicateLayout.replicate_layout 509:suitable sheets are:[['/MOTOR_CTRL/', '/MOTOR_CTRL/H_PHASE_U/'], ['/MOTOR_CTRL/', '/MOTOR_CTRL/H_PHASE_V/']]
04-08 17:26:41 com_github_MitjaNemec_ReplicateLayout.action_replicate_layout 248:Replicating layout
04-08 17:26:41 com_github_MitjaNemec_ReplicateLayout.replicate_layout 288:Starting replication of sheets: [['/MOTOR_CTRL/', '/MOTOR_CTRL/H_PHASE_U/'], ['/MOTOR_CTRL/', '/MOTOR_CTRL/H_PHASE_V/']]
on level: ['/MOTOR_CTRL/', '/MOTOR_CTRL/H_PHASE_W/']
with tracks=False, zone=False, text=False, text=False, intersecting=False, remove=False, locked footprints=False, group_only=False
04-08 17:26:41 root 340:updating GUI message: 'Preparing for replication'
04-08 17:26:41 root 345:updating GUI with: 0
04-08 17:26:41 com_github_MitjaNemec_ReplicateLayout.replicate_layout 358:Getting the list of source footprints
04-08 17:26:41 com_github_MitjaNemec_ReplicateLayout.replicate_layout 368:Getting the list of all the remaining footprints
04-08 17:26:41 com_github_MitjaNemec_ReplicateLayout.replicate_layout 375:Getting source tracks
04-08 17:26:41 com_github_MitjaNemec_ReplicateLayout.replicate_layout 1331:Filtering list of tracks
04-08 17:26:41 com_github_MitjaNemec_ReplicateLayout.replicate_layout 379:Getting source zones
04-08 17:26:41 com_github_MitjaNemec_ReplicateLayout.replicate_layout 383:Getting source text items
04-08 17:26:41 root 345:updating GUI with: 66
04-08 17:26:41 com_github_MitjaNemec_ReplicateLayout.replicate_layout 387:Getting source drawing items
04-08 17:26:41 root 340:updating GUI message: 'Replicating footprints'
04-08 17:26:41 com_github_MitjaNemec_ReplicateLayout.replicate_layout 861:Replicating footprints
04-08 17:26:41 com_github_MitjaNemec_ReplicateLayout.replicate_layout 868:Replicating footprints on sheet ['/MOTOR_CTRL/', '/MOTOR_CTRL/H_PHASE_U/']
04-08 17:26:41 com_github_MitjaNemec_ReplicateLayout.replicate_layout 985:Src text UUid:5e996e4a-5ab3-45f7-a25b-826cc93b4a55
04-08 17:26:41 com_github_MitjaNemec_ReplicateLayout.replicate_layout 986:Dst text UUid:ed984704-c678-4afb-9f8d-e53e78658365
04-08 17:26:41 com_github_MitjaNemec_ReplicateLayout.replicate_layout 985:Src text UUid:124ead9c-345a-4cf2-b59f-933804f64fc6
04-08 17:26:41 com_github_MitjaNemec_ReplicateLayout.replicate_layout 986:Dst text UUid:b6da8a96-f1a2-42da-804c-0b79ba51e8de
04-08 17:26:41 com_github_MitjaNemec_ReplicateLayout.replicate_layout 985:Src text UUid:14764878-59bf-4a2b-9a7c-c364f8e1008b
04-08 17:26:41 com_github_MitjaNemec_ReplicateLayout.replicate_layout 986:Dst text UUid:b35c78a7-4682-41bb-a026-0dd7f61fd4dc
04-08 17:26:41 com_github_MitjaNemec_ReplicateLayout.replicate_layout 985:Src text UUid:78efe8b6-b9f5-474e-a11d-ea476192c250
04-08 17:26:41 com_github_MitjaNemec_ReplicateLayout.replicate_layout 986:Dst text UUid:1c6f9d43-acc8-417a-9987-486c82772adf
04-08 17:26:41 com_github_MitjaNemec_ReplicateLayout.replicate_layout 985:Src text UUid:e5d7459a-00bb-4ebd-afa9-c9a28e9deb0e
04-08 17:26:41 com_github_MitjaNemec_ReplicateLayout.replicate_layout 986:Dst text UUid:9e4e3cc0-263a-4af1-8f58-258f791e6a2e
04-08 17:26:41 com_github_MitjaNemec_ReplicateLayout.replicate_layout 985:Src text UUid:819f8653-e114-4adf-b6e2-895ba2224504
04-08 17:26:41 com_github_MitjaNemec_ReplicateLayout.replicate_layout 986:Dst text UUid:b99d7b5b-deff-43ce-8c6b-0564d1b73ec1
04-08 17:26:41 com_github_MitjaNemec_ReplicateLayout.replicate_layout 985:Src text UUid:da0b554a-9a98-4967-b124-1b7437f4c2bc
04-08 17:26:41 com_github_MitjaNemec_ReplicateLayout.replicate_layout 986:Dst text UUid:bae35e3f-38b2-4687-8c86-a5ca636071bf
04-08 17:26:41 com_github_MitjaNemec_ReplicateLayout.replicate_layout 985:Src text UUid:900c075e-3d18-41d1-93d8-f69ca5a4f65d
04-08 17:26:41 com_github_MitjaNemec_ReplicateLayout.replicate_layout 986:Dst text UUid:94849cb1-1563-482f-a3e2-834850aeff3d
04-08 17:26:41 com_github_MitjaNemec_ReplicateLayout.replicate_layout 985:Src text UUid:ec2d36a0-0ec7-407b-a1fd-28a7d2a64d59
04-08 17:26:41 com_github_MitjaNemec_ReplicateLayout.replicate_layout 986:Dst text UUid:0f429281-303b-403c-9a32-8517360e9678
04-08 17:26:41 com_github_MitjaNemec_ReplicateLayout.replicate_layout 985:Src text UUid:41908f14-6834-4623-8fd1-a209b5f438a6
04-08 17:26:41 com_github_MitjaNemec_ReplicateLayout.replicate_layout 986:Dst text UUid:8158a915-0d77-45c2-abdc-4d6ecfc135f8
04-08 17:26:41 com_github_MitjaNemec_ReplicateLayout.replicate_layout 985:Src text UUid:1f0f0230-2b18-4ee7-b544-eca9e75f0b68
04-08 17:26:41 com_github_MitjaNemec_ReplicateLayout.replicate_layout 986:Dst text UUid:21caa04c-6008-4b88-bb25-26273165609b
04-08 17:26:41 com_github_MitjaNemec_ReplicateLayout.replicate_layout 985:Src text UUid:47ada09b-39a0-4296-969a-c3cf4a19e440
04-08 17:26:41 com_github_MitjaNemec_ReplicateLayout.replicate_layout 986:Dst text UUid:b2e74587-eaaf-42d1-b6c2-2bcc89ad2512
04-08 17:26:41 com_github_MitjaNemec_ReplicateLayout.replicate_layout 985:Src text UUid:93751b6b-c704-4cd5-90e7-86d5d522ea06
04-08 17:26:41 com_github_MitjaNemec_ReplicateLayout.replicate_layout 986:Dst text UUid:aaf9ac06-949a-4566-96ab-e8b919819c6b
04-08 17:26:41 com_github_MitjaNemec_ReplicateLayout.replicate_layout 985:Src text UUid:7a9b72c9-554c-4ffc-89a7-ed8c9903ea92
04-08 17:26:41 com_github_MitjaNemec_ReplicateLayout.replicate_layout 986:Dst text UUid:bd01bb4b-8df9-4fac-8234-c8426fbae738
04-08 17:26:41 com_github_MitjaNemec_ReplicateLayout.replicate_layout 985:Src text UUid:672b42ba-7df3-44c6-b30e-eb156b1a74ba
04-08 17:26:41 com_github_MitjaNemec_ReplicateLayout.replicate_layout 986:Dst text UUid:952fa26b-0305-4d4e-b7e3-824ccd880aa3
04-08 17:26:41 com_github_MitjaNemec_ReplicateLayout.replicate_layout 985:Src text UUid:4011a927-17c2-4988-951e-660789d6ea3c
04-08 17:26:41 com_github_MitjaNemec_ReplicateLayout.replicate_layout 986:Dst text UUid:0554e580-ab8a-4b1a-b359-b5a91919e9cd
04-08 17:26:41 com_github_MitjaNemec_ReplicateLayout.replicate_layout 985:Src text UUid:e61b9379-873b-41b2-bbae-6d8181ae5ff8
04-08 17:26:41 com_github_MitjaNemec_ReplicateLayout.replicate_layout 986:Dst text UUid:b5a3d55d-2e5d-490e-8275-ad6dff3d2c1a
04-08 17:26:41 com_github_MitjaNemec_ReplicateLayout.replicate_layout 985:Src text UUid:d20ddf5f-2f51-438c-aeb9-a6020a3be40a
04-08 17:26:41 com_github_MitjaNemec_ReplicateLayout.replicate_layout 986:Dst text UUid:c87f4905-a6cf-4ee7-a5d4-f9a8546b64af
04-08 17:26:41 com_github_MitjaNemec_ReplicateLayout.replicate_layout 985:Src text UUid:97ba123b-6aca-46db-ac76-8a6eb9d6a6bd
04-08 17:26:41 com_github_MitjaNemec_ReplicateLayout.replicate_layout 986:Dst text UUid:d091f517-1c7b-4216-9352-3bfd43cfba6b
04-08 17:26:41 com_github_MitjaNemec_ReplicateLayout.replicate_layout 985:Src text UUid:8420ed51-72ce-4eaf-b477-e5421897c74f
04-08 17:26:41 com_github_MitjaNemec_ReplicateLayout.replicate_layout 986:Dst text UUid:96613b08-f11f-4e70-a341-5b085bac4c29
04-08 17:26:41 com_github_MitjaNemec_ReplicateLayout.replicate_layout 985:Src text UUid:878d4aa1-d013-49c0-904a-563004a75179
04-08 17:26:41 com_github_MitjaNemec_ReplicateLayout.replicate_layout 986:Dst text UUid:b5dcc2f9-e256-44f6-9d1b-7c23983afb4a
04-08 17:26:41 com_github_MitjaNemec_ReplicateLayout.replicate_layout 985:Src text UUid:364b1a87-1f51-4c8d-9768-e0ffdf8162cf
04-08 17:26:41 com_github_MitjaNemec_ReplicateLayout.replicate_layout 986:Dst text UUid:50ae6277-6e08-4e14-92bb-83ae1c3f0117
04-08 17:26:41 com_github_MitjaNemec_ReplicateLayout.replicate_layout 985:Src text UUid:f2afa751-d69c-444f-b496-e521dffbdcab
04-08 17:26:41 com_github_MitjaNemec_ReplicateLayout.replicate_layout 986:Dst text UUid:dfec4890-368f-4f85-90e8-70da2965c331
04-08 17:26:41 com_github_MitjaNemec_ReplicateLayout.replicate_layout 985:Src text UUid:c0fc7aa8-c8c7-412d-854f-83dd1fb2fc83
04-08 17:26:41 com_github_MitjaNemec_ReplicateLayout.replicate_layout 986:Dst text UUid:aa446a46-7e30-401b-962c-883da8355620
04-08 17:26:41 com_github_MitjaNemec_ReplicateLayout.replicate_layout 985:Src text UUid:3ab297c4-8ab8-45ed-b313-082f91a1960e
04-08 17:26:41 com_github_MitjaNemec_ReplicateLayout.replicate_layout 986:Dst text UUid:e656444d-4203-4297-91c1-0acedbf6797f
04-08 17:26:41 com_github_MitjaNemec_ReplicateLayout.replicate_layout 985:Src text UUid:4bf4b10f-a5ad-4ca3-9c67-bf1444d26069
04-08 17:26:41 com_github_MitjaNemec_ReplicateLayout.replicate_layout 986:Dst text UUid:ecf6d79b-59ac-41ed-a639-a210e66351b6
04-08 17:26:41 com_github_MitjaNemec_ReplicateLayout.replicate_layout 985:Src text UUid:00c968c7-abf3-471d-a5f1-8846bdb454a3
04-08 17:26:41 com_github_MitjaNemec_ReplicateLayout.replicate_layout 986:Dst text UUid:81e171e5-8084-4ce0-a585-2f08cfe4bac0
04-08 17:26:41 com_github_MitjaNemec_ReplicateLayout.replicate_layout 985:Src text UUid:a6dc316c-3cc4-4de7-be0b-cbaf3389bba1
04-08 17:26:41 com_github_MitjaNemec_ReplicateLayout.replicate_layout 986:Dst text UUid:cf6af54e-329c-4339-9903-262b0b8fdd4d
04-08 17:26:41 com_github_MitjaNemec_ReplicateLayout.replicate_layout 985:Src text UUid:bead2ebf-45e2-44e6-b4d1-636a17469c9c
04-08 17:26:41 com_github_MitjaNemec_ReplicateLayout.replicate_layout 986:Dst text UUid:bf0ac9aa-98ca-4a95-b5ca-1612dc3a8002
04-08 17:26:41 com_github_MitjaNemec_ReplicateLayout.replicate_layout 985:Src text UUid:ea6408e6-fb4a-4685-b075-5b2aef4b0ac3
04-08 17:26:41 com_github_MitjaNemec_ReplicateLayout.replicate_layout 986:Dst text UUid:40a55e28-ab2f-4434-b9fe-008ea550980b
04-08 17:26:41 com_github_MitjaNemec_ReplicateLayout.replicate_layout 985:Src text UUid:1c32cbe6-bb45-4307-a8c5-64623339827f
04-08 17:26:41 com_github_MitjaNemec_ReplicateLayout.replicate_layout 986:Dst text UUid:58793ed9-2202-4779-8652-9c92f51c97f4
04-08 17:26:41 com_github_MitjaNemec_ReplicateLayout.replicate_layout 985:Src text UUid:8f7c8a6d-9eb7-4feb-abb1-544dad7df0a4
04-08 17:26:41 com_github_MitjaNemec_ReplicateLayout.replicate_layout 986:Dst text UUid:a51d3738-63d7-4b3d-b85e-9b5ef70dfb96
04-08 17:26:41 com_github_MitjaNemec_ReplicateLayout.replicate_layout 985:Src text UUid:34aeb9db-66d3-4a68-9430-c180613e8d6b
04-08 17:26:41 com_github_MitjaNemec_ReplicateLayout.replicate_layout 986:Dst text UUid:d970c74b-5ef2-4883-b924-5c5de2c42c7e
04-08 17:26:41 com_github_MitjaNemec_ReplicateLayout.replicate_layout 985:Src text UUid:b1a06421-c6fe-4736-afca-468f07e4b6cb
04-08 17:26:41 com_github_MitjaNemec_ReplicateLayout.replicate_layout 986:Dst text UUid:6e907a79-a7b7-422b-a72d-3356c1fbf0cd
04-08 17:26:41 com_github_MitjaNemec_ReplicateLayout.replicate_layout 985:Src text UUid:2d897829-0a66-47de-9612-dedf5668c0f6
04-08 17:26:41 com_github_MitjaNemec_ReplicateLayout.replicate_layout 986:Dst text UUid:f3951d0c-a497-4cc6-adf6-9b3e10a9c70f
04-08 17:26:41 com_github_MitjaNemec_ReplicateLayout.replicate_layout 985:Src text UUid:c6288136-da6d-4b6b-b2aa-981fec443ff6
04-08 17:26:41 com_github_MitjaNemec_ReplicateLayout.replicate_layout 986:Dst text UUid:40aa9798-f15b-48de-9ea9-9e7252c2b8e5
04-08 17:26:41 com_github_MitjaNemec_ReplicateLayout.replicate_layout 985:Src text UUid:da6af698-692a-455f-91f4-6b50e415915d
04-08 17:26:41 com_github_MitjaNemec_ReplicateLayout.replicate_layout 986:Dst text UUid:2c0f1a18-a22f-4cad-902c-7015309eda15
04-08 17:26:41 com_github_MitjaNemec_ReplicateLayout.replicate_layout 985:Src text UUid:9663e235-29fc-4c9e-82ad-f6d3ba39e9e9
04-08 17:26:41 com_github_MitjaNemec_ReplicateLayout.replicate_layout 986:Dst text UUid:631ef928-3a31-4a5b-8fea-a3c8d6e2d4fb
04-08 17:26:41 com_github_MitjaNemec_ReplicateLayout.replicate_layout 985:Src text UUid:7c0b1b08-781c-4624-a879-137d6dd06711
04-08 17:26:41 com_github_MitjaNemec_ReplicateLayout.replicate_layout 986:Dst text UUid:14e58f75-fec9-41b7-899c-2875767e78e6
04-08 17:26:41 com_github_MitjaNemec_ReplicateLayout.replicate_layout 985:Src text UUid:48f7aa72-f725-49a3-98a5-4d18ba83dc81
04-08 17:26:41 com_github_MitjaNemec_ReplicateLayout.replicate_layout 986:Dst text UUid:8b26274c-ea5b-463a-bd9e-ab5a77aa0f53
04-08 17:26:41 com_github_MitjaNemec_ReplicateLayout.replicate_layout 985:Src text UUid:7d708bcb-8e5f-4823-9ba4-45d1b08a88b0
04-08 17:26:41 com_github_MitjaNemec_ReplicateLayout.replicate_layout 986:Dst text UUid:7e1a37be-ee4a-472d-9713-e827a3721345
04-08 17:26:41 com_github_MitjaNemec_ReplicateLayout.replicate_layout 985:Src text UUid:f1c08f42-5238-4080-8970-752481461749
04-08 17:26:41 com_github_MitjaNemec_ReplicateLayout.replicate_layout 986:Dst text UUid:0fdfa4a8-226f-4831-8738-99dde62ca169
04-08 17:26:41 root 345:updating GUI with: 26
04-08 17:26:41 com_github_MitjaNemec_ReplicateLayout.replicate_layout 985:Src text UUid:591fd720-9035-4f8d-b59e-1df8154f8875
04-08 17:26:41 com_github_MitjaNemec_ReplicateLayout.replicate_layout 986:Dst text UUid:b2a1feef-62a3-4adc-811e-8fd1683c401e
04-08 17:26:41 com_github_MitjaNemec_ReplicateLayout.replicate_layout 985:Src text UUid:f46e584d-574b-46f2-a98c-ad8d99fc35dc
04-08 17:26:41 com_github_MitjaNemec_ReplicateLayout.replicate_layout 986:Dst text UUid:5c34a0b6-74d5-4472-a8ad-432eac6a9044
04-08 17:26:41 com_github_MitjaNemec_ReplicateLayout.replicate_layout 985:Src text UUid:6f5bd595-f083-4006-bb49-b72b5fe971b7
04-08 17:26:41 com_github_MitjaNemec_ReplicateLayout.replicate_layout 986:Dst text UUid:8db0d2c0-5c28-450d-8202-b6a1ea4be6e9
04-08 17:26:41 com_github_MitjaNemec_ReplicateLayout.replicate_layout 985:Src text UUid:9743d059-7690-4d69-8600-0e9b6f02bcb9
04-08 17:26:41 com_github_MitjaNemec_ReplicateLayout.replicate_layout 986:Dst text UUid:10cd634b-e938-4d95-932b-eedb51be8b30
04-08 17:26:41 com_github_MitjaNemec_ReplicateLayout.replicate_layout 985:Src text UUid:128d38a0-7d88-4079-b244-c01ccb12f809
04-08 17:26:41 com_github_MitjaNemec_ReplicateLayout.replicate_layout 986:Dst text UUid:09d182c7-55bc-4f76-823b-4c1537090837
04-08 17:26:41 com_github_MitjaNemec_ReplicateLayout.replicate_layout 985:Src text UUid:d91371e1-69de-4b01-bc31-5bd49e638ac8
04-08 17:26:41 com_github_MitjaNemec_ReplicateLayout.replicate_layout 986:Dst text UUid:fba54245-c8e4-47b0-8418-723f02df2c0e
04-08 17:26:41 com_github_MitjaNemec_ReplicateLayout.replicate_layout 985:Src text UUid:c201a182-1a97-4b05-b394-9b786d7958ce
04-08 17:26:41 com_github_MitjaNemec_ReplicateLayout.replicate_layout 986:Dst text UUid:89793314-1a2a-45bf-95d3-3fb339258c06
04-08 17:26:41 com_github_MitjaNemec_ReplicateLayout.replicate_layout 985:Src text UUid:328a167d-a1e8-4b5f-9c7a-f76a02ad0d3e
04-08 17:26:41 com_github_MitjaNemec_ReplicateLayout.replicate_layout 986:Dst text UUid:bfb4f133-3d96-458c-9fbe-cffbbb51a73f
04-08 17:26:41 com_github_MitjaNemec_ReplicateLayout.replicate_layout 985:Src text UUid:20abed52-e713-48b0-8739-85e33d15d487
04-08 17:26:41 com_github_MitjaNemec_ReplicateLayout.replicate_layout 986:Dst text UUid:46afad8c-5769-463a-825a-9b073196007f
04-08 17:26:41 com_github_MitjaNemec_ReplicateLayout.replicate_layout 985:Src text UUid:07b87abd-a16d-4f39-a81e-dcd87ae2c5f4
04-08 17:26:41 com_github_MitjaNemec_ReplicateLayout.replicate_layout 986:Dst text UUid:27be4b1a-1907-469e-ac8a-f56ff13ff3ed
04-08 17:26:41 com_github_MitjaNemec_ReplicateLayout.replicate_layout 985:Src text UUid:defdbbbe-24ee-4acc-af49-4f47c72b99a6
04-08 17:26:41 com_github_MitjaNemec_ReplicateLayout.replicate_layout 986:Dst text UUid:247e1026-5b2e-49d9-82cf-b2b5f1f371f1
04-08 17:26:41 com_github_MitjaNemec_ReplicateLayout.replicate_layout 985:Src text UUid:65d4c839-fc1e-4cb7-8a9b-874d4825f5af
04-08 17:26:41 com_github_MitjaNemec_ReplicateLayout.replicate_layout 986:Dst text UUid:04ff7c53-3a9b-40c2-b27a-e06e64b5ada7
04-08 17:26:41 com_github_MitjaNemec_ReplicateLayout.replicate_layout 985:Src text UUid:2ec5c2b3-7fb2-42c2-9dc6-7a8ec83e6028
04-08 17:26:41 com_github_MitjaNemec_ReplicateLayout.replicate_layout 986:Dst text UUid:986e5fcb-8fd5-4775-9bc2-bb40b4e85c32
04-08 17:26:41 com_github_MitjaNemec_ReplicateLayout.replicate_layout 985:Src text UUid:0e6efbe9-737d-406e-9472-0539d09a09a5
04-08 17:26:41 com_github_MitjaNemec_ReplicateLayout.replicate_layout 986:Dst text UUid:7953a8f7-3e1d-433e-97ca-68a7257e752b
04-08 17:26:41 com_github_MitjaNemec_ReplicateLayout.replicate_layout 985:Src text UUid:6c4282ce-e7e2-4ecd-91d6-2a59dcdea59c
04-08 17:26:41 com_github_MitjaNemec_ReplicateLayout.replicate_layout 986:Dst text UUid:17545c07-128b-4aee-afde-9d448f87d8d0
04-08 17:26:41 com_github_MitjaNemec_ReplicateLayout.replicate_layout 985:Src text UUid:a1d73f8a-199c-4c3e-b492-97061b0e98c1
04-08 17:26:41 com_github_MitjaNemec_ReplicateLayout.replicate_layout 986:Dst text UUid:fd8dd350-39f8-44cd-a851-d7009ab63152
04-08 17:26:41 com_github_MitjaNemec_ReplicateLayout.replicate_layout 985:Src text UUid:adf58722-f6f7-446b-9e22-f03b9cc1f993
04-08 17:26:41 com_github_MitjaNemec_ReplicateLayout.replicate_layout 986:Dst text UUid:05474016-7380-4c77-a385-98f9a64625cb
04-08 17:26:41 com_github_MitjaNemec_ReplicateLayout.replicate_layout 985:Src text UUid:102bd478-fe88-4c7d-be55-71dc94412122
04-08 17:26:41 com_github_MitjaNemec_ReplicateLayout.replicate_layout 986:Dst text UUid:800b7f6b-8e7a-4a02-bfed-8882a8eafe32
04-08 17:26:41 com_github_MitjaNemec_ReplicateLayout.replicate_layout 985:Src text UUid:67850ffd-785a-46ff-9e66-7add634f0e0f
04-08 17:26:41 com_github_MitjaNemec_ReplicateLayout.replicate_layout 986:Dst text UUid:ae1dafb8-b55c-4f76-a733-df4c4dce581f
04-08 17:26:41 com_github_MitjaNemec_ReplicateLayout.replicate_layout 985:Src text UUid:6f3d52f2-0b5c-45a2-94ba-92aa3fd0bc87
04-08 17:26:41 com_github_MitjaNemec_ReplicateLayout.replicate_layout 986:Dst text UUid:9658cc61-0f93-4663-9c07-819c42ac4f8e
04-08 17:26:41 com_github_MitjaNemec_ReplicateLayout.replicate_layout 985:Src text UUid:29ef27a1-54b1-4c11-9c32-e1cf4f0aa653
04-08 17:26:41 com_github_MitjaNemec_ReplicateLayout.replicate_layout 986:Dst text UUid:e6589d91-797f-4ba7-9ddc-d5e74390d995
04-08 17:26:41 com_github_MitjaNemec_ReplicateLayout.replicate_layout 985:Src text UUid:15641df0-d708-4018-9a45-275d4fc6cf5f
04-08 17:26:41 com_github_MitjaNemec_ReplicateLayout.replicate_layout 986:Dst text UUid:1d01f14b-4166-4844-bbd3-e812f5830987
04-08 17:26:41 com_github_MitjaNemec_ReplicateLayout.replicate_layout 985:Src text UUid:354a6ea6-ecb2-45e3-99fd-e370c66877f3
04-08 17:26:41 com_github_MitjaNemec_ReplicateLayout.replicate_layout 986:Dst text UUid:e248a6c1-dcd5-4688-a868-058017c2df4c
04-08 17:26:41 com_github_MitjaNemec_ReplicateLayout.replicate_layout 985:Src text UUid:a6541bee-2a0a-45dc-8c6f-7ed894b7ec22
04-08 17:26:41 com_github_MitjaNemec_ReplicateLayout.replicate_layout 986:Dst text UUid:7ce5439e-2fbc-493a-9bcc-e3ff905519a8
04-08 17:26:41 com_github_MitjaNemec_ReplicateLayout.replicate_layout 985:Src text UUid:0662aea4-f920-4cc0-99cc-8fc8e3d5c1ad
04-08 17:26:41 com_github_MitjaNemec_ReplicateLayout.replicate_layout 986:Dst text UUid:dfe8d5c3-a724-44bf-b778-a40c1dd24b2a
04-08 17:26:41 com_github_MitjaNemec_ReplicateLayout.replicate_layout 985:Src text UUid:2c67a6fe-bebf-4e30-8835-6af69b1a3c06
04-08 17:26:41 com_github_MitjaNemec_ReplicateLayout.replicate_layout 986:Dst text UUid:c73c0697-63ca-4dda-a42a-5101334d4e02
04-08 17:26:41 com_github_MitjaNemec_ReplicateLayout.replicate_layout 985:Src text UUid:6588a667-de0d-459a-9bd0-c1edb0cca13e
04-08 17:26:41 com_github_MitjaNemec_ReplicateLayout.replicate_layout 986:Dst text UUid:64357b24-b96c-4344-b80c-7b2645f1e7b2
04-08 17:26:41 com_github_MitjaNemec_ReplicateLayout.replicate_layout 985:Src text UUid:ac5162bc-8e8b-4b5f-9519-5939ebb8c981
04-08 17:26:41 com_github_MitjaNemec_ReplicateLayout.replicate_layout 986:Dst text UUid:85e077a0-6949-474c-be15-85a4f116522e
04-08 17:26:41 com_github_MitjaNemec_ReplicateLayout.replicate_layout 985:Src text UUid:1c334984-19e2-4fd4-81c0-e5452ba4b9a9
04-08 17:26:41 com_github_MitjaNemec_ReplicateLayout.replicate_layout 986:Dst text UUid:cef9fba4-0ac7-44dd-ae3b-b0cf33d7b283
04-08 17:26:41 com_github_MitjaNemec_ReplicateLayout.replicate_layout 985:Src text UUid:69b74d48-2a9d-4c9e-a387-c61af4332fde
04-08 17:26:41 com_github_MitjaNemec_ReplicateLayout.replicate_layout 986:Dst text UUid:566740d9-8d14-4f43-8a87-35747ed79e65
04-08 17:26:41 com_github_MitjaNemec_ReplicateLayout.replicate_layout 985:Src text UUid:afe46de0-76e0-45e3-9a2b-041a3793d27e
04-08 17:26:41 com_github_MitjaNemec_ReplicateLayout.replicate_layout 986:Dst text UUid:f8877568-0206-43ce-b5e9-06d53e02cfca
04-08 17:26:41 com_github_MitjaNemec_ReplicateLayout.replicate_layout 985:Src text UUid:dfd717d9-392a-4e1a-b1bf-8ff531267cb8
04-08 17:26:41 com_github_MitjaNemec_ReplicateLayout.replicate_layout 986:Dst text UUid:3157e17b-8329-4440-8904-e3a1b60ea2b1
04-08 17:26:41 com_github_MitjaNemec_ReplicateLayout.replicate_layout 985:Src text UUid:4b967a0f-92e4-40f6-a52b-3137e46ee1d7
04-08 17:26:41 com_github_MitjaNemec_ReplicateLayout.replicate_layout 986:Dst text UUid:33bd6a4c-5e1a-490c-825a-bc6c528d1984
04-08 17:26:41 com_github_MitjaNemec_ReplicateLayout.replicate_layout 985:Src text UUid:9fb400cf-594b-4429-98e9-f6dc08f6271d
04-08 17:26:41 com_github_MitjaNemec_ReplicateLayout.replicate_layout 986:Dst text UUid:5389bccb-676a-4b5b-af5c-87f06867106e
04-08 17:26:41 com_github_MitjaNemec_ReplicateLayout.replicate_layout 985:Src text UUid:562eab92-1cc0-4c87-987d-3a1e8b5c2765
04-08 17:26:41 com_github_MitjaNemec_ReplicateLayout.replicate_layout 986:Dst text UUid:7e979362-1094-4e66-9d39-c8b17054171c
04-08 17:26:41 com_github_MitjaNemec_ReplicateLayout.replicate_layout 985:Src text UUid:4450b2ef-f7cc-4246-8c9a-043b77fac47c
04-08 17:26:41 com_github_MitjaNemec_ReplicateLayout.replicate_layout 986:Dst text UUid:555734b9-f83c-46e2-a736-dd93ac5aaa2b
04-08 17:26:41 com_github_MitjaNemec_ReplicateLayout.replicate_layout 985:Src text UUid:d754a3fd-542e-4b0f-b057-36e371f2f7aa
04-08 17:26:41 com_github_MitjaNemec_ReplicateLayout.replicate_layout 986:Dst text UUid:2418cc71-bbf4-421d-a958-97fe91661dba
04-08 17:26:41 com_github_MitjaNemec_ReplicateLayout.replicate_layout 985:Src text UUid:d4f321ea-afec-443c-b36b-3999646329a9
04-08 17:26:41 com_github_MitjaNemec_ReplicateLayout.replicate_layout 986:Dst text UUid:51ad1948-05d6-41cf-9976-68348e000f9b
04-08 17:26:41 com_github_MitjaNemec_ReplicateLayout.replicate_layout 985:Src text UUid:f2b21404-5c01-474e-a744-71fe34f22afa
04-08 17:26:41 com_github_MitjaNemec_ReplicateLayout.replicate_layout 986:Dst text UUid:e4033973-6a6a-4fc1-8f2a-8e5953e15ffb
04-08 17:26:41 com_github_MitjaNemec_ReplicateLayout.replicate_layout 985:Src text UUid:1ba1749d-eb30-4771-a173-a8f677ff94bc
04-08 17:26:41 com_github_MitjaNemec_ReplicateLayout.replicate_layout 986:Dst text UUid:7f4b9698-372b-4f81-a204-6764b2b62701
04-08 17:26:41 com_github_MitjaNemec_ReplicateLayout.replicate_layout 985:Src text UUid:83bf0abd-89f7-4f7a-b1d5-5014cb6f07e8
04-08 17:26:41 com_github_MitjaNemec_ReplicateLayout.replicate_layout 986:Dst text UUid:21d5b5dc-19be-4cff-b5f5-1078bc770ecc
04-08 17:26:41 com_github_MitjaNemec_ReplicateLayout.replicate_layout 985:Src text UUid:f4d7fd62-646b-434a-8419-b1d0e1a6dc93
04-08 17:26:41 com_github_MitjaNemec_ReplicateLayout.replicate_layout 986:Dst text UUid:c8427016-1382-4e8d-ac4e-41f6c7bcd08c
04-08 17:26:41 com_github_MitjaNemec_ReplicateLayout.replicate_layout 868:Replicating footprints on sheet ['/MOTOR_CTRL/', '/MOTOR_CTRL/H_PHASE_V/']
04-08 17:26:41 com_github_MitjaNemec_ReplicateLayout.replicate_layout 985:Src text UUid:5e996e4a-5ab3-45f7-a25b-826cc93b4a55
04-08 17:26:41 com_github_MitjaNemec_ReplicateLayout.replicate_layout 986:Dst text UUid:16e1ab17-0a23-4f23-a189-964e2d6660ab
04-08 17:26:41 com_github_MitjaNemec_ReplicateLayout.replicate_layout 985:Src text UUid:124ead9c-345a-4cf2-b59f-933804f64fc6
04-08 17:26:41 com_github_MitjaNemec_ReplicateLayout.replicate_layout 986:Dst text UUid:89f72729-cba1-42dd-bc29-e66f3c0550be
04-08 17:26:41 com_github_MitjaNemec_ReplicateLayout.replicate_layout 985:Src text UUid:14764878-59bf-4a2b-9a7c-c364f8e1008b
04-08 17:26:41 com_github_MitjaNemec_ReplicateLayout.replicate_layout 986:Dst text UUid:2da2a8d1-6551-4db2-8875-9a6ecd14d17c
04-08 17:26:41 com_github_MitjaNemec_ReplicateLayout.replicate_layout 985:Src text UUid:78efe8b6-b9f5-474e-a11d-ea476192c250
04-08 17:26:41 com_github_MitjaNemec_ReplicateLayout.replicate_layout 986:Dst text UUid:8f64852a-b596-4b67-a220-d9df5c4216e9
04-08 17:26:41 com_github_MitjaNemec_ReplicateLayout.replicate_layout 985:Src text UUid:e5d7459a-00bb-4ebd-afa9-c9a28e9deb0e
04-08 17:26:41 com_github_MitjaNemec_ReplicateLayout.replicate_layout 986:Dst text UUid:9d765f4b-e537-43d1-96a3-d5ec1f1e43f6
04-08 17:26:41 com_github_MitjaNemec_ReplicateLayout.replicate_layout 985:Src text UUid:819f8653-e114-4adf-b6e2-895ba2224504
04-08 17:26:41 com_github_MitjaNemec_ReplicateLayout.replicate_layout 986:Dst text UUid:19eedd62-ce75-42a3-9a4b-5d017889c1d4
04-08 17:26:41 com_github_MitjaNemec_ReplicateLayout.replicate_layout 985:Src text UUid:da0b554a-9a98-4967-b124-1b7437f4c2bc
04-08 17:26:41 com_github_MitjaNemec_ReplicateLayout.replicate_layout 986:Dst text UUid:108e3a84-de75-4718-97d1-30ba3567ddb6
04-08 17:26:41 com_github_MitjaNemec_ReplicateLayout.replicate_layout 985:Src text UUid:900c075e-3d18-41d1-93d8-f69ca5a4f65d
04-08 17:26:41 com_github_MitjaNemec_ReplicateLayout.replicate_layout 986:Dst text UUid:0e13a475-c4f5-441c-8fc7-028ea8e52e28
04-08 17:26:41 com_github_MitjaNemec_ReplicateLayout.replicate_layout 985:Src text UUid:ec2d36a0-0ec7-407b-a1fd-28a7d2a64d59
04-08 17:26:41 com_github_MitjaNemec_ReplicateLayout.replicate_layout 986:Dst text UUid:e4d67317-e3f4-4236-b069-4659e131ac87
04-08 17:26:41 com_github_MitjaNemec_ReplicateLayout.replicate_layout 985:Src text UUid:41908f14-6834-4623-8fd1-a209b5f438a6
04-08 17:26:41 com_github_MitjaNemec_ReplicateLayout.replicate_layout 986:Dst text UUid:aeb1be6d-0d8c-4098-96c0-3b6b3e4cc225
04-08 17:26:41 com_github_MitjaNemec_ReplicateLayout.replicate_layout 985:Src text UUid:1f0f0230-2b18-4ee7-b544-eca9e75f0b68
04-08 17:26:41 com_github_MitjaNemec_ReplicateLayout.replicate_layout 986:Dst text UUid:a637029c-ff33-4349-aad4-96ed05c88c67
04-08 17:26:41 com_github_MitjaNemec_ReplicateLayout.replicate_layout 985:Src text UUid:47ada09b-39a0-4296-969a-c3cf4a19e440
04-08 17:26:41 com_github_MitjaNemec_ReplicateLayout.replicate_layout 986:Dst text UUid:6801608f-82cd-4004-83c1-21c8e2599350
04-08 17:26:41 com_github_MitjaNemec_ReplicateLayout.replicate_layout 985:Src text UUid:93751b6b-c704-4cd5-90e7-86d5d522ea06
04-08 17:26:41 com_github_MitjaNemec_ReplicateLayout.replicate_layout 986:Dst text UUid:beb078f1-90c6-460b-b4fc-d28c422cba81
04-08 17:26:41 com_github_MitjaNemec_ReplicateLayout.replicate_layout 985:Src text UUid:7a9b72c9-554c-4ffc-89a7-ed8c9903ea92
04-08 17:26:41 com_github_MitjaNemec_ReplicateLayout.replicate_layout 986:Dst text UUid:b663f04e-3806-4541-92ae-9a2028a5b98c
04-08 17:26:41 com_github_MitjaNemec_ReplicateLayout.replicate_layout 985:Src text UUid:672b42ba-7df3-44c6-b30e-eb156b1a74ba
04-08 17:26:41 com_github_MitjaNemec_ReplicateLayout.replicate_layout 986:Dst text UUid:dfaff399-3462-490b-a6bd-cea6b32bffa8
04-08 17:26:41 com_github_MitjaNemec_ReplicateLayout.replicate_layout 985:Src text UUid:4011a927-17c2-4988-951e-660789d6ea3c
04-08 17:26:41 com_github_MitjaNemec_ReplicateLayout.replicate_layout 986:Dst text UUid:26927de2-8893-418b-bb9a-3ca91d0a06b2
04-08 17:26:41 com_github_MitjaNemec_ReplicateLayout.replicate_layout 985:Src text UUid:e61b9379-873b-41b2-bbae-6d8181ae5ff8
04-08 17:26:41 com_github_MitjaNemec_ReplicateLayout.replicate_layout 986:Dst text UUid:701d766a-c61b-424a-90f0-4ee616bb89c8
04-08 17:26:41 com_github_MitjaNemec_ReplicateLayout.replicate_layout 985:Src text UUid:d20ddf5f-2f51-438c-aeb9-a6020a3be40a
04-08 17:26:41 com_github_MitjaNemec_ReplicateLayout.replicate_layout 986:Dst text UUid:5577ef52-546e-4e9f-961b-a7263e779951
04-08 17:26:41 com_github_MitjaNemec_ReplicateLayout.replicate_layout 985:Src text UUid:97ba123b-6aca-46db-ac76-8a6eb9d6a6bd
04-08 17:26:41 com_github_MitjaNemec_ReplicateLayout.replicate_layout 986:Dst text UUid:a9a21921-4dbc-49ad-8fbf-c648793a6a45
04-08 17:26:41 com_github_MitjaNemec_ReplicateLayout.replicate_layout 985:Src text UUid:8420ed51-72ce-4eaf-b477-e5421897c74f
04-08 17:26:41 com_github_MitjaNemec_ReplicateLayout.replicate_layout 986:Dst text UUid:54c49b75-6f86-40b2-ba1e-a3041e006418
04-08 17:26:41 com_github_MitjaNemec_ReplicateLayout.replicate_layout 985:Src text UUid:878d4aa1-d013-49c0-904a-563004a75179
04-08 17:26:41 com_github_MitjaNemec_ReplicateLayout.replicate_layout 986:Dst text UUid:da95efea-1c44-4c03-88ce-78daffea2432
04-08 17:26:41 com_github_MitjaNemec_ReplicateLayout.replicate_layout 985:Src text UUid:364b1a87-1f51-4c8d-9768-e0ffdf8162cf
04-08 17:26:41 com_github_MitjaNemec_ReplicateLayout.replicate_layout 986:Dst text UUid:13ae3d2b-e316-4c4c-92e2-ea3106c7dad6
04-08 17:26:41 com_github_MitjaNemec_ReplicateLayout.replicate_layout 985:Src text UUid:f2afa751-d69c-444f-b496-e521dffbdcab
04-08 17:26:41 com_github_MitjaNemec_ReplicateLayout.replicate_layout 986:Dst text UUid:d5deaa96-4fa7-41ce-b6bf-ab94557ec7f5
04-08 17:26:41 com_github_MitjaNemec_ReplicateLayout.replicate_layout 985:Src text UUid:c0fc7aa8-c8c7-412d-854f-83dd1fb2fc83
04-08 17:26:41 com_github_MitjaNemec_ReplicateLayout.replicate_layout 986:Dst text UUid:79a90bfb-a604-44e0-ac89-d6085451ed7a
04-08 17:26:41 com_github_MitjaNemec_ReplicateLayout.replicate_layout 985:Src text UUid:3ab297c4-8ab8-45ed-b313-082f91a1960e
04-08 17:26:41 com_github_MitjaNemec_ReplicateLayout.replicate_layout 986:Dst text UUid:eeee4bd4-7bfd-45cc-8cd7-0ab391898445
04-08 17:26:41 com_github_MitjaNemec_ReplicateLayout.replicate_layout 985:Src text UUid:4bf4b10f-a5ad-4ca3-9c67-bf1444d26069
04-08 17:26:41 com_github_MitjaNemec_ReplicateLayout.replicate_layout 986:Dst text UUid:92723203-ee7c-457a-a2a6-f0410d18cb24
04-08 17:26:41 com_github_MitjaNemec_ReplicateLayout.replicate_layout 985:Src text UUid:00c968c7-abf3-471d-a5f1-8846bdb454a3
04-08 17:26:41 com_github_MitjaNemec_ReplicateLayout.replicate_layout 986:Dst text UUid:287938db-71fd-4b06-8887-ad235f2c5a7a
04-08 17:26:41 com_github_MitjaNemec_ReplicateLayout.replicate_layout 985:Src text UUid:a6dc316c-3cc4-4de7-be0b-cbaf3389bba1
04-08 17:26:41 com_github_MitjaNemec_ReplicateLayout.replicate_layout 986:Dst text UUid:c9ea7fcb-9af3-4359-8ff8-7ebc8c17cc11
04-08 17:26:41 com_github_MitjaNemec_ReplicateLayout.replicate_layout 985:Src text UUid:bead2ebf-45e2-44e6-b4d1-636a17469c9c
04-08 17:26:41 com_github_MitjaNemec_ReplicateLayout.replicate_layout 986:Dst text UUid:7cd96304-d4ab-4acc-8d8f-7ad816dc9812
04-08 17:26:41 com_github_MitjaNemec_ReplicateLayout.replicate_layout 985:Src text UUid:ea6408e6-fb4a-4685-b075-5b2aef4b0ac3
04-08 17:26:41 com_github_MitjaNemec_ReplicateLayout.replicate_layout 986:Dst text UUid:efca187a-e8e3-40a2-8100-5daa8b0ef3fb
04-08 17:26:41 com_github_MitjaNemec_ReplicateLayout.replicate_layout 985:Src text UUid:1c32cbe6-bb45-4307-a8c5-64623339827f
04-08 17:26:41 com_github_MitjaNemec_ReplicateLayout.replicate_layout 986:Dst text UUid:d9737179-f99d-454d-a852-b95baf96a095
04-08 17:26:41 com_github_MitjaNemec_ReplicateLayout.replicate_layout 985:Src text UUid:8f7c8a6d-9eb7-4feb-abb1-544dad7df0a4
04-08 17:26:41 com_github_MitjaNemec_ReplicateLayout.replicate_layout 986:Dst text UUid:195d3d09-36d7-43b7-adc4-826748323f41
04-08 17:26:41 com_github_MitjaNemec_ReplicateLayout.replicate_layout 985:Src text UUid:34aeb9db-66d3-4a68-9430-c180613e8d6b
04-08 17:26:41 com_github_MitjaNemec_ReplicateLayout.replicate_layout 986:Dst text UUid:4709b052-683b-49bb-b09d-98be0e4cc40e
04-08 17:26:41 com_github_MitjaNemec_ReplicateLayout.replicate_layout 985:Src text UUid:b1a06421-c6fe-4736-afca-468f07e4b6cb
04-08 17:26:41 com_github_MitjaNemec_ReplicateLayout.replicate_layout 986:Dst text UUid:72909374-2806-4831-ad0b-e80268150e48
04-08 17:26:41 com_github_MitjaNemec_ReplicateLayout.replicate_layout 985:Src text UUid:2d897829-0a66-47de-9612-dedf5668c0f6
04-08 17:26:41 com_github_MitjaNemec_ReplicateLayout.replicate_layout 986:Dst text UUid:e0add54f-9aa7-48bd-8f91-dc4e4c4a1b64
04-08 17:26:41 com_github_MitjaNemec_ReplicateLayout.replicate_layout 985:Src text UUid:c6288136-da6d-4b6b-b2aa-981fec443ff6
04-08 17:26:41 com_github_MitjaNemec_ReplicateLayout.replicate_layout 986:Dst text UUid:d85e8de1-26b2-4b24-a1c1-f3cccb3529b4
04-08 17:26:41 com_github_MitjaNemec_ReplicateLayout.replicate_layout 985:Src text UUid:da6af698-692a-455f-91f4-6b50e415915d
04-08 17:26:41 com_github_MitjaNemec_ReplicateLayout.replicate_layout 986:Dst text UUid:804536ef-c29a-49fd-8aaa-fc2b843f530b
04-08 17:26:41 com_github_MitjaNemec_ReplicateLayout.replicate_layout 985:Src text UUid:9663e235-29fc-4c9e-82ad-f6d3ba39e9e9
04-08 17:26:41 com_github_MitjaNemec_ReplicateLayout.replicate_layout 986:Dst text UUid:1c2f2597-9b85-493e-9583-d15197ce5138
04-08 17:26:41 com_github_MitjaNemec_ReplicateLayout.replicate_layout 985:Src text UUid:7c0b1b08-781c-4624-a879-137d6dd06711
04-08 17:26:41 com_github_MitjaNemec_ReplicateLayout.replicate_layout 986:Dst text UUid:73b6fd46-2e93-411f-a430-e69b306d1312
04-08 17:26:41 com_github_MitjaNemec_ReplicateLayout.replicate_layout 985:Src text UUid:48f7aa72-f725-49a3-98a5-4d18ba83dc81
04-08 17:26:41 com_github_MitjaNemec_ReplicateLayout.replicate_layout 986:Dst text UUid:cc4eae0a-38f3-4362-ac90-f890bd7020a9
04-08 17:26:41 com_github_MitjaNemec_ReplicateLayout.replicate_layout 985:Src text UUid:7d708bcb-8e5f-4823-9ba4-45d1b08a88b0
04-08 17:26:41 com_github_MitjaNemec_ReplicateLayout.replicate_layout 986:Dst text UUid:6326808f-b6b6-4401-b4d2-741b9fd61ed2
04-08 17:26:41 com_github_MitjaNemec_ReplicateLayout.replicate_layout 985:Src text UUid:f1c08f42-5238-4080-8970-752481461749
04-08 17:26:41 com_github_MitjaNemec_ReplicateLayout.replicate_layout 986:Dst text UUid:a5073841-aacb-4ee7-8758-ea84811b8633
04-08 17:26:41 root 345:updating GUI with: 76
04-08 17:26:41 com_github_MitjaNemec_ReplicateLayout.replicate_layout 985:Src text UUid:591fd720-9035-4f8d-b59e-1df8154f8875
04-08 17:26:41 com_github_MitjaNemec_ReplicateLayout.replicate_layout 986:Dst text UUid:1740ce62-fae6-44ed-a52a-c72d1a7f0656
04-08 17:26:41 com_github_MitjaNemec_ReplicateLayout.replicate_layout 985:Src text UUid:f46e584d-574b-46f2-a98c-ad8d99fc35dc
04-08 17:26:41 com_github_MitjaNemec_ReplicateLayout.replicate_layout 986:Dst text UUid:dcb4018d-7aa6-42ab-a630-c1bfac9f41a8
04-08 17:26:41 com_github_MitjaNemec_ReplicateLayout.replicate_layout 985:Src text UUid:6f5bd595-f083-4006-bb49-b72b5fe971b7
04-08 17:26:41 com_github_MitjaNemec_ReplicateLayout.replicate_layout 986:Dst text UUid:5c809b00-fba9-4ef5-9ce3-0e58487cc48d
04-08 17:26:41 com_github_MitjaNemec_ReplicateLayout.replicate_layout 985:Src text UUid:9743d059-7690-4d69-8600-0e9b6f02bcb9
04-08 17:26:41 com_github_MitjaNemec_ReplicateLayout.replicate_layout 986:Dst text UUid:8322e410-0e56-4731-9c9d-c591f922d6f8
04-08 17:26:41 com_github_MitjaNemec_ReplicateLayout.replicate_layout 985:Src text UUid:128d38a0-7d88-4079-b244-c01ccb12f809
04-08 17:26:41 com_github_MitjaNemec_ReplicateLayout.replicate_layout 986:Dst text UUid:836e8146-bd7e-4766-a90f-01c53f8118cc
04-08 17:26:41 com_github_MitjaNemec_ReplicateLayout.replicate_layout 985:Src text UUid:d91371e1-69de-4b01-bc31-5bd49e638ac8
04-08 17:26:41 com_github_MitjaNemec_ReplicateLayout.replicate_layout 986:Dst text UUid:4747ae69-3b67-4cbb-84ae-fce9b6a07c18
04-08 17:26:41 com_github_MitjaNemec_ReplicateLayout.replicate_layout 985:Src text UUid:c201a182-1a97-4b05-b394-9b786d7958ce
04-08 17:26:41 com_github_MitjaNemec_ReplicateLayout.replicate_layout 986:Dst text UUid:837285c9-fb3d-4100-9106-56a3207fa097
04-08 17:26:41 com_github_MitjaNemec_ReplicateLayout.replicate_layout 985:Src text UUid:328a167d-a1e8-4b5f-9c7a-f76a02ad0d3e
04-08 17:26:41 com_github_MitjaNemec_ReplicateLayout.replicate_layout 986:Dst text UUid:555d2594-7384-4f10-9412-3dc59f943417
04-08 17:26:41 com_github_MitjaNemec_ReplicateLayout.replicate_layout 985:Src text UUid:20abed52-e713-48b0-8739-85e33d15d487
04-08 17:26:41 com_github_MitjaNemec_ReplicateLayout.replicate_layout 986:Dst text UUid:56b74365-154f-44f8-9ef1-04c72df8ec33
04-08 17:26:41 com_github_MitjaNemec_ReplicateLayout.replicate_layout 985:Src text UUid:07b87abd-a16d-4f39-a81e-dcd87ae2c5f4
04-08 17:26:41 com_github_MitjaNemec_ReplicateLayout.replicate_layout 986:Dst text UUid:cb1fe9f6-81cc-4744-aa10-a0f490741e42
04-08 17:26:41 com_github_MitjaNemec_ReplicateLayout.replicate_layout 985:Src text UUid:defdbbbe-24ee-4acc-af49-4f47c72b99a6
04-08 17:26:41 com_github_MitjaNemec_ReplicateLayout.replicate_layout 986:Dst text UUid:b7caac72-2b7a-4ba3-b675-a8da1759b952
04-08 17:26:41 com_github_MitjaNemec_ReplicateLayout.replicate_layout 985:Src text UUid:65d4c839-fc1e-4cb7-8a9b-874d4825f5af
04-08 17:26:41 com_github_MitjaNemec_ReplicateLayout.replicate_layout 986:Dst text UUid:5136f217-97e9-4b3f-9547-9523dd03ccd4
04-08 17:26:41 com_github_MitjaNemec_ReplicateLayout.replicate_layout 985:Src text UUid:2ec5c2b3-7fb2-42c2-9dc6-7a8ec83e6028
04-08 17:26:41 com_github_MitjaNemec_ReplicateLayout.replicate_layout 986:Dst text UUid:de5c1eb2-ecaa-48da-94a7-217650f979fc
04-08 17:26:41 com_github_MitjaNemec_ReplicateLayout.replicate_layout 985:Src text UUid:0e6efbe9-737d-406e-9472-0539d09a09a5
04-08 17:26:41 com_github_MitjaNemec_ReplicateLayout.replicate_layout 986:Dst text UUid:d70e6407-0ba3-4d31-9370-216a093c2c03
04-08 17:26:41 com_github_MitjaNemec_ReplicateLayout.replicate_layout 985:Src text UUid:6c4282ce-e7e2-4ecd-91d6-2a59dcdea59c
04-08 17:26:41 com_github_MitjaNemec_ReplicateLayout.replicate_layout 986:Dst text UUid:e5427aa6-71e2-4246-9f65-c6e5066dc479
04-08 17:26:41 com_github_MitjaNemec_ReplicateLayout.replicate_layout 985:Src text UUid:a1d73f8a-199c-4c3e-b492-97061b0e98c1
04-08 17:26:41 com_github_MitjaNemec_ReplicateLayout.replicate_layout 986:Dst text UUid:afdab35e-11fb-48b0-b971-ade8dcc4fc04
04-08 17:26:41 com_github_MitjaNemec_ReplicateLayout.replicate_layout 985:Src text UUid:adf58722-f6f7-446b-9e22-f03b9cc1f993
04-08 17:26:41 com_github_MitjaNemec_ReplicateLayout.replicate_layout 986:Dst text UUid:61acbc13-f0e2-4bed-bf61-ee2f15ff7a19
04-08 17:26:41 com_github_MitjaNemec_ReplicateLayout.replicate_layout 985:Src text UUid:102bd478-fe88-4c7d-be55-71dc94412122
04-08 17:26:41 com_github_MitjaNemec_ReplicateLayout.replicate_layout 986:Dst text UUid:4c7998a4-ab3e-41b8-9ace-4651ed852e21
04-08 17:26:41 com_github_MitjaNemec_ReplicateLayout.replicate_layout 985:Src text UUid:67850ffd-785a-46ff-9e66-7add634f0e0f
04-08 17:26:41 com_github_MitjaNemec_ReplicateLayout.replicate_layout 986:Dst text UUid:82c45007-91a8-45e9-945d-019f3ab7c9c8
04-08 17:26:41 com_github_MitjaNemec_ReplicateLayout.replicate_layout 985:Src text UUid:6f3d52f2-0b5c-45a2-94ba-92aa3fd0bc87
04-08 17:26:41 com_github_MitjaNemec_ReplicateLayout.replicate_layout 986:Dst text UUid:ca55649e-0a56-416e-bcbd-290e43cb112a
04-08 17:26:41 com_github_MitjaNemec_ReplicateLayout.replicate_layout 985:Src text UUid:29ef27a1-54b1-4c11-9c32-e1cf4f0aa653
04-08 17:26:41 com_github_MitjaNemec_ReplicateLayout.replicate_layout 986:Dst text UUid:7131f119-5e11-46cf-a3fb-e861103c91d4
04-08 17:26:41 com_github_MitjaNemec_ReplicateLayout.replicate_layout 985:Src text UUid:15641df0-d708-4018-9a45-275d4fc6cf5f
04-08 17:26:41 com_github_MitjaNemec_ReplicateLayout.replicate_layout 986:Dst text UUid:2163ffc9-473f-432b-92bf-cd6c818b65bd
04-08 17:26:41 com_github_MitjaNemec_ReplicateLayout.replicate_layout 985:Src text UUid:354a6ea6-ecb2-45e3-99fd-e370c66877f3
04-08 17:26:41 com_github_MitjaNemec_ReplicateLayout.replicate_layout 986:Dst text UUid:6f83a663-d06a-4045-90fa-25ed520e5744
04-08 17:26:41 com_github_MitjaNemec_ReplicateLayout.replicate_layout 985:Src text UUid:a6541bee-2a0a-45dc-8c6f-7ed894b7ec22
04-08 17:26:41 com_github_MitjaNemec_ReplicateLayout.replicate_layout 986:Dst text UUid:f1f283d3-f2c2-48bc-9a57-3c61d0673233
04-08 17:26:41 com_github_MitjaNemec_ReplicateLayout.replicate_layout 985:Src text UUid:0662aea4-f920-4cc0-99cc-8fc8e3d5c1ad
04-08 17:26:41 com_github_MitjaNemec_ReplicateLayout.replicate_layout 986:Dst text UUid:f55632f9-0516-4b2d-9f22-5b07cf7acc8f
04-08 17:26:41 com_github_MitjaNemec_ReplicateLayout.replicate_layout 985:Src text UUid:2c67a6fe-bebf-4e30-8835-6af69b1a3c06
04-08 17:26:41 com_github_MitjaNemec_ReplicateLayout.replicate_layout 986:Dst text UUid:28d3786c-1834-4b68-9d3a-204dea218c75
04-08 17:26:41 com_github_MitjaNemec_ReplicateLayout.replicate_layout 985:Src text UUid:6588a667-de0d-459a-9bd0-c1edb0cca13e
04-08 17:26:41 com_github_MitjaNemec_ReplicateLayout.replicate_layout 986:Dst text UUid:65d936f2-9a32-4b91-b459-d6cb9c86f776
04-08 17:26:41 com_github_MitjaNemec_ReplicateLayout.replicate_layout 985:Src text UUid:ac5162bc-8e8b-4b5f-9519-5939ebb8c981
04-08 17:26:41 com_github_MitjaNemec_ReplicateLayout.replicate_layout 986:Dst text UUid:734c0149-6ef0-4a7a-8388-49fc8bfecae7
04-08 17:26:41 com_github_MitjaNemec_ReplicateLayout.replicate_layout 985:Src text UUid:1c334984-19e2-4fd4-81c0-e5452ba4b9a9
04-08 17:26:41 com_github_MitjaNemec_ReplicateLayout.replicate_layout 986:Dst text UUid:013a3d80-0bcd-41a1-80be-aeb747e3a9e9
04-08 17:26:41 com_github_MitjaNemec_ReplicateLayout.replicate_layout 985:Src text UUid:69b74d48-2a9d-4c9e-a387-c61af4332fde
04-08 17:26:41 com_github_MitjaNemec_ReplicateLayout.replicate_layout 986:Dst text UUid:81d8e2a6-17a3-42ec-973c-12fc3914536e
04-08 17:26:41 com_github_MitjaNemec_ReplicateLayout.replicate_layout 985:Src text UUid:afe46de0-76e0-45e3-9a2b-041a3793d27e
04-08 17:26:41 com_github_MitjaNemec_ReplicateLayout.replicate_layout 986:Dst text UUid:789a5a9a-2d52-4929-a00c-482a39559d88
04-08 17:26:41 com_github_MitjaNemec_ReplicateLayout.replicate_layout 985:Src text UUid:dfd717d9-392a-4e1a-b1bf-8ff531267cb8
04-08 17:26:41 com_github_MitjaNemec_ReplicateLayout.replicate_layout 986:Dst text UUid:d22a4242-0fa8-4ebf-b884-cfcf5ec3f394
04-08 17:26:41 com_github_MitjaNemec_ReplicateLayout.replicate_layout 985:Src text UUid:4b967a0f-92e4-40f6-a52b-3137e46ee1d7
04-08 17:26:41 com_github_MitjaNemec_ReplicateLayout.replicate_layout 986:Dst text UUid:99c42bf9-9947-4254-8a51-5b38fd6828b9
04-08 17:26:41 com_github_MitjaNemec_ReplicateLayout.replicate_layout 985:Src text UUid:9fb400cf-594b-4429-98e9-f6dc08f6271d
04-08 17:26:41 com_github_MitjaNemec_ReplicateLayout.replicate_layout 986:Dst text UUid:885f011c-2a54-4afd-be80-2347246731d9
04-08 17:26:41 com_github_MitjaNemec_ReplicateLayout.replicate_layout 985:Src text UUid:562eab92-1cc0-4c87-987d-3a1e8b5c2765
04-08 17:26:41 com_github_MitjaNemec_ReplicateLayout.replicate_layout 986:Dst text UUid:73faa22b-5510-44ea-9971-3a48f02cf491
04-08 17:26:41 com_github_MitjaNemec_ReplicateLayout.replicate_layout 985:Src text UUid:4450b2ef-f7cc-4246-8c9a-043b77fac47c
04-08 17:26:41 com_github_MitjaNemec_ReplicateLayout.replicate_layout 986:Dst text UUid:5ea870b2-b6a4-46a2-9ea4-6b2ddc76ed56
04-08 17:26:41 com_github_MitjaNemec_ReplicateLayout.replicate_layout 985:Src text UUid:d754a3fd-542e-4b0f-b057-36e371f2f7aa
04-08 17:26:41 com_github_MitjaNemec_ReplicateLayout.replicate_layout 986:Dst text UUid:7464a779-da9c-4750-ac96-6d0f77d220a9
04-08 17:26:41 com_github_MitjaNemec_ReplicateLayout.replicate_layout 985:Src text UUid:d4f321ea-afec-443c-b36b-3999646329a9
04-08 17:26:41 com_github_MitjaNemec_ReplicateLayout.replicate_layout 986:Dst text UUid:ba25a053-d951-4cff-bfdb-4bf243c180f3
04-08 17:26:41 com_github_MitjaNemec_ReplicateLayout.replicate_layout 985:Src text UUid:f2b21404-5c01-474e-a744-71fe34f22afa
04-08 17:26:41 com_github_MitjaNemec_ReplicateLayout.replicate_layout 986:Dst text UUid:90f888c5-ceb4-47af-826f-763ceb0944a8
04-08 17:26:41 com_github_MitjaNemec_ReplicateLayout.replicate_layout 985:Src text UUid:1ba1749d-eb30-4771-a173-a8f677ff94bc
04-08 17:26:41 com_github_MitjaNemec_ReplicateLayout.replicate_layout 986:Dst text UUid:7171c1e1-619d-408e-b471-50a4cdc3f958
04-08 17:26:41 com_github_MitjaNemec_ReplicateLayout.replicate_layout 985:Src text UUid:83bf0abd-89f7-4f7a-b1d5-5014cb6f07e8
04-08 17:26:41 com_github_MitjaNemec_ReplicateLayout.replicate_layout 986:Dst text UUid:55552856-3b14-4b92-8506-694c2b360908
04-08 17:26:41 com_github_MitjaNemec_ReplicateLayout.replicate_layout 985:Src text UUid:f4d7fd62-646b-434a-8419-b1d0e1a6dc93
04-08 17:26:41 com_github_MitjaNemec_ReplicateLayout.replicate_layout 986:Dst text UUid:1f676c41-3fbd-4d6a-890e-e6c370d5c79b
04-08 17:26:41 com_github_MitjaNemec_ReplicateLayout.action_replicate_layout 264:Replication complete
